[15:30:14] [main/INFO]: Setting user: Player59
[15:30:16] [Client thread/INFO]: LWJGL Version: 2.9.1
[15:30:30] [Client thread/INFO]: Reloading ResourceManager: Default, FMLFileResourcePack:Forge Mod Loader, FMLFileResourcePack:Minecraft Forge, FMLFileResourcePack:STDemo, FMLFileResourcePack:Mod Tuto, FMLFileResourcePack:Tutorial mod, FMLFileResourcePack:BuildCraft, FMLFileResourcePack:BC Transport, FMLFileResourcePack:BC Factory, FMLFileResourcePack:BC Silicon, FMLFileResourcePack:BC Robotics, FMLFileResourcePack:BC Energy, FMLFileResourcePack:BC Builders, FMLFileResourcePack:IndustrialCraft 2, FMLFileResourcePack:In-game NBTEdit, FMLFileResourcePack:Railcraft
[15:30:38] [Sound Library Loader/INFO]: Sound engine started
[15:30:41] [Client thread/INFO]: Created: 16x16 textures/blocks-atlas
[15:30:41] [Client thread/INFO]: Created: 16x16 textures/items-atlas
[15:30:43] [Client thread/INFO]: Reloading ResourceManager: Default, FMLFileResourcePack:Forge Mod Loader, FMLFileResourcePack:Minecraft Forge, FMLFileResourcePack:STDemo, FMLFileResourcePack:Mod Tuto, FMLFileResourcePack:Tutorial mod, FMLFileResourcePack:BuildCraft, FMLFileResourcePack:BC Transport, FMLFileResourcePack:BC Factory, FMLFileResourcePack:BC Silicon, FMLFileResourcePack:BC Robotics, FMLFileResourcePack:BC Energy, FMLFileResourcePack:BC Builders, FMLFileResourcePack:IndustrialCraft 2, FMLFileResourcePack:In-game NBTEdit, FMLFileResourcePack:Railcraft
[15:30:46] [Client thread/INFO]: Created: 1024x1024 textures/blocks-atlas
[15:30:47] [Client thread/INFO]: Created: 1024x512 textures/items-atlas
[15:30:48] [Sound Library Loader/INFO]: Sound engine started
[15:31:41] [Server thread/INFO]: Starting integrated minecraft server version 1.7.10
[15:31:41] [Server thread/INFO]: Generating keypair
[15:31:41] [Server thread/INFO]: Preparing start region for level 0
[15:31:42] [Server thread/INFO]: Preparing spawn area: 10%
[15:31:43] [Server thread/INFO]: Preparing spawn area: 21%
[15:31:44] [Server thread/INFO]: Preparing spawn area: 36%
[15:31:45] [Server thread/INFO]: Preparing spawn area: 54%
[15:31:46] [Server thread/INFO]: Preparing spawn area: 71%
[15:31:47] [Server thread/INFO]: Preparing spawn area: 90%
[15:31:48] [Server thread/INFO]: Changing view distance to 12, from 10
[15:31:48] [Server thread/INFO]: Player59[local:E:c23fdd37] logged in with entity id 220 at (-149.35526114159683, 63.0, 259.69999998807907)
[15:31:48] [Server thread/INFO]: Player59 加入了游戏
[15:31:50] [Server thread/INFO]: Player59 刚刚获得了 [打开物品栏] 成就！
[15:31:50] [Client thread/INFO]: [CHAT] Player59 刚刚获得了 [打开物品栏] 成就！
[15:31:53] [Client thread/INFO]: Warning: Clientside chunk ticking took 264 ms
[15:31:55] [Server thread/WARN]: Can't keep up! Did the system time change, or is the server overloaded? Running 2092ms behind, skipping 41 tick(s)
[15:32:09] [Server thread/INFO]: Saving and pausing game...
[15:32:10] [Server thread/INFO]: Saving chunks for level '新的世界的拷贝'/Overworld
[15:32:10] [Server thread/INFO]: Saving chunks for level '新的世界的拷贝'/Nether
[15:32:10] [Server thread/INFO]: Saving chunks for level '新的世界的拷贝'/The End
[15:32:11] [Server thread/INFO]: Stopping server
[15:32:11] [Server thread/INFO]: Saving players
[15:32:11] [Server thread/INFO]: Saving worlds
[15:32:11] [Server thread/INFO]: Saving chunks for level '新的世界的拷贝'/Overworld
[15:32:11] [Server thread/INFO]: Saving chunks for level '新的世界的拷贝'/Nether
[15:32:11] [Server thread/INFO]: Saving chunks for level '新的世界的拷贝'/The End
[15:32:14] [Server thread/INFO]: Starting integrated minecraft server version 1.7.10
[15:32:14] [Server thread/INFO]: Generating keypair
[15:32:14] [Server thread/INFO]: Preparing start region for level 0
[15:32:14] [Server thread/INFO]: Changing view distance to 12, from 10
[15:32:15] [Server thread/INFO]: Player59[local:E:d1ec7166] logged in with entity id 5670 at (-149.35526114159683, 63.0, 259.69999998807907)
[15:32:15] [Server thread/INFO]: Player59 加入了游戏
[15:34:51] [Client thread/INFO]: Warning: Clientside chunk ticking took 107 ms
[15:34:53] [Client thread/INFO]: Warning: Clientside chunk ticking took 137 ms
[15:35:00] [Server thread/INFO]: Saving and pausing game...
[15:35:00] [Server thread/INFO]: Saving chunks for level '新的世界的拷贝'/Overworld
[15:35:00] [Server thread/INFO]: Saving chunks for level '新的世界的拷贝'/Nether
[15:35:00] [Server thread/INFO]: Saving chunks for level '新的世界的拷贝'/The End
[15:35:01] [Server thread/INFO]: Saving and pausing game...
[15:35:01] [Server thread/INFO]: Saving chunks for level '新的世界的拷贝'/Overworld
[15:35:01] [Server thread/INFO]: Saving chunks for level '新的世界的拷贝'/Nether
[15:35:01] [Server thread/INFO]: Saving chunks for level '新的世界的拷贝'/The End
[15:35:02] [Server thread/INFO]: Stopping server
[15:35:02] [Server thread/INFO]: Saving players
[15:35:02] [Server thread/INFO]: Saving worlds
[15:35:02] [Server thread/INFO]: Saving chunks for level '新的世界的拷贝'/Overworld
[15:35:02] [Server thread/INFO]: Saving chunks for level '新的世界的拷贝'/Nether
[15:35:02] [Server thread/INFO]: Saving chunks for level '新的世界的拷贝'/The End
[15:35:04] [Server thread/INFO]: Starting integrated minecraft server version 1.7.10
[15:35:04] [Server thread/INFO]: Generating keypair
[15:35:04] [Server thread/INFO]: Preparing start region for level 0
[15:35:05] [Server thread/INFO]: Changing view distance to 12, from 10
[15:35:05] [Server thread/INFO]: Player59[local:E:cec08511] logged in with entity id 7938 at (-149.35526114159683, 63.0, 259.69999998807907)
[15:35:05] [Server thread/INFO]: Player59 加入了游戏
[15:35:07] [Server thread/INFO]: Saving and pausing game...
[15:35:07] [Server thread/INFO]: Saving chunks for level '新的世界的拷贝'/Overworld
[15:35:07] [Server thread/INFO]: Saving chunks for level '新的世界的拷贝'/Nether
[15:35:07] [Server thread/INFO]: Saving chunks for level '新的世界的拷贝'/The End
[15:35:43] [Client thread/INFO]: Warning: Clientside chunk ticking took 104 ms
[15:35:45] [Client thread/INFO]: Warning: Clientside chunk ticking took 121 ms
[15:35:52] [Server thread/INFO]: Saving and pausing game...
[15:35:52] [Server thread/INFO]: Saving chunks for level '新的世界的拷贝'/Overworld
[15:35:52] [Server thread/INFO]: Saving chunks for level '新的世界的拷贝'/Nether
[15:35:52] [Server thread/INFO]: Saving chunks for level '新的世界的拷贝'/The End
[15:37:11] [Server thread/INFO]: Saving and pausing game...
[15:37:11] [Server thread/INFO]: Saving chunks for level '新的世界的拷贝'/Overworld
[15:37:11] [Server thread/INFO]: Saving chunks for level '新的世界的拷贝'/Nether
[15:37:11] [Server thread/INFO]: Saving chunks for level '新的世界的拷贝'/The End
[15:42:22] [Client thread/INFO]: Warning: Clientside chunk ticking took 109 ms
[15:42:23] [Client thread/INFO]: Warning: Clientside chunk ticking took 139 ms
[15:42:25] [Client thread/INFO]: Warning: Clientside chunk ticking took 109 ms
[15:42:29] [Client thread/INFO]: Warning: Clientside chunk ticking took 108 ms
[15:42:34] [Server thread/INFO]: Saving and pausing game...
[15:42:34] [Server thread/INFO]: Saving chunks for level '新的世界的拷贝'/Overworld
[15:42:34] [Server thread/INFO]: Saving chunks for level '新的世界的拷贝'/Nether
[15:42:34] [Server thread/INFO]: Saving chunks for level '新的世界的拷贝'/The End
[15:43:19] [Server thread/INFO]: Saving and pausing game...
[15:43:19] [Server thread/INFO]: Saving chunks for level '新的世界的拷贝'/Overworld
[15:43:19] [Server thread/INFO]: Saving chunks for level '新的世界的拷贝'/Nether
[15:43:19] [Server thread/INFO]: Saving chunks for level '新的世界的拷贝'/The End
