#
# A fatal error has been detected by the Java Runtime Environment:
#
#  EXCEPTION_ACCESS_VIOLATION (0xc0000005) at pc=0x00007ffdecd2a2af, pid=6712, tid=0x0000000000002098
#
# JRE version: Java(TM) SE Runtime Environment (8.0_181-b13) (build 1.8.0_181-b13)
# Java VM: Java HotSpot(TM) 64-Bit Server VM (25.181-b13 mixed mode windows-amd64 compressed oops)
# Problematic frame:
# C  [ig9icd64.dll+0x1a2af]
#
# Failed to write core dump. Minidumps are not enabled by default on client versions of Windows
#
# If you would like to submit a bug report, please visit:
#   http://bugreport.java.com/bugreport/crash.jsp
# The crash happened outside the Java Virtual Machine in native code.
# See problematic frame for where to report the bug.
#

---------------  T H R E A D  ---------------

Current thread (0x0000000002f3a000):  JavaThread "Client thread" [_thread_in_native, id=8344, stack(0x0000000002de0000,0x0000000002ee0000)]

siginfo: ExceptionCode=0xc0000005, writing address 0x0000000000000000

Registers:
RAX=0x0000000000000000, RBX=0x000000001f5efc28, RCX=0x0000000000000010, RDX=0x000000001f5f1140
RSP=0x0000000002ede450, RBP=0x0000000000200000, RSI=0x000000001f5cb880, RDI=0x0000000000000010
R8 =0x0000000000000010, R9 =0x00007ffdecd10000, R10=0x0000000000000000, R11=0x0000000000000246
R12=0x0000000047a89bb0, R13=0x0000000047a89040, R14=0x000000001f5efc28, R15=0x00000000000002dc
RIP=0x00007ffdecd2a2af, EFLAGS=0x0000000000010206

Top of Stack: (sp=0x0000000002ede450)
0x0000000002ede450:   000000001f5efc28 000000000000000a
0x0000000002ede460:   000000001f5cb880 00000000000002dc
0x0000000002ede470:   0000000000000010 00007ffdecd9708a
0x0000000002ede480:   000000001f5efc28 000000001f5cb880
0x0000000002ede490:   00007ffdecd10000 0000000000000000
0x0000000002ede4a0:   000000001f5cb880 00007ffdecd980bb
0x0000000002ede4b0:   000000001f5cb880 0000000000001405
0x0000000002ede4c0:   0000000000000000 00007ffdecd10000
0x0000000002ede4d0:   000000001f5cb880 00007ffded1498ae
0x0000000002ede4e0:   0000000000000000 0000000000000000
0x0000000002ede4f0:   0000000000000000 0000000000000000
0x0000000002ede500:   0000000068b14670 00007ffded5c11c4
0x0000000002ede510:   0000000068b1465c 0000000068b1464c
0x0000000002ede520:   0000000000000000 00007ffe5c026535
0x0000000002ede530:   0000000000000003 0000000000000001
0x0000000002ede540:   000000001f5cb880 0000000000db3940 

Instructions: (pc=0x00007ffdecd2a2af)
0x00007ffdecd2a28f:   42 dc 89 41 dc 8b 42 e0 89 41 e0 8b 42 e4 89 41
0x00007ffdecd2a29f:   e4 8b 42 e8 89 41 e8 8b 42 ec 89 41 ec 8b 42 f0
0x00007ffdecd2a2af:   89 41 f0 e9 20 03 00 00 48 8b c1 83 e0 0f 74 3a
0x00007ffdecd2a2bf:   41 b9 10 00 00 00 4c 2b c8 49 8b c1 49 03 c9 49 


Register to memory mapping:

RAX=0x0000000000000000 is an unknown value
RBX=0x000000001f5efc28 is an unknown value
RCX=0x0000000000000010 is an unknown value
RDX=0x000000001f5f1140 is an unknown value
RSP=0x0000000002ede450 is pointing into the stack for thread: 0x0000000002f3a000
RBP=0x0000000000200000 is an unknown value
RSI=0x000000001f5cb880 is an unknown value
RDI=0x0000000000000010 is an unknown value
R8 =0x0000000000000010 is an unknown value
R9 =0x00007ffdecd10000 is an unknown value
R10=0x0000000000000000 is an unknown value
R11=0x0000000000000246 is an unknown value
R12=0x0000000047a89bb0 is an unknown value
R13=0x0000000047a89040 is an unknown value
R14=0x000000001f5efc28 is an unknown value
R15=0x00000000000002dc is an unknown value


Stack: [0x0000000002de0000,0x0000000002ee0000],  sp=0x0000000002ede450,  free space=1017k
Native frames: (J=compiled Java code, j=interpreted, Vv=VM code, C=native code)
C  [ig9icd64.dll+0x1a2af]
C  [ig9icd64.dll+0x8708a]
C  [ig9icd64.dll+0x880bb]
C  [ig9icd64.dll+0x4398ae]
C  [ig9icd64.dll+0x8b11c4]
C  [ig9icd64.dll+0x532bcb]
C  [ig9icd64.dll+0x532f3c]
C  0x00000000046296d4

Java frames: (J=compiled Java code, j=interpreted, Vv=VM code)
J 9938  org.lwjgl.opengl.GL11.nglCallLists(IIJJ)V (0 bytes) @ 0x000000000462964e [0x0000000004629600+0x4e]
J 10784 C2 net.minecraft.client.renderer.RenderList.callLists()V (87 bytes) @ 0x00000000056b10f0 [0x00000000056b0ec0+0x230]
J 11396 C2 net.minecraft.client.renderer.RenderGlobal.renderAllRenderLists(ID)V (52 bytes) @ 0x00000000043dc99c [0x00000000043dc8e0+0xbc]
J 9214 C2 net.minecraft.client.renderer.RenderGlobal.renderSortedRenderers(IIID)I (589 bytes) @ 0x0000000004e49810 [0x0000000004e48840+0xfd0]
J 14778 C2 net.minecraft.client.renderer.RenderGlobal.sortAndRender(Lnet/minecraft/entity/EntityLivingBase;ID)I (1189 bytes) @ 0x0000000005d3fdc4 [0x0000000005d3f8e0+0x4e4]
J 8889 C2 net.minecraft.client.renderer.EntityRenderer.renderWorld(FJ)V (1565 bytes) @ 0x00000000052fb620 [0x00000000052fa480+0x11a0]
J 14213 C2 net.minecraft.client.renderer.EntityRenderer.updateCameraAndRender(F)V (874 bytes) @ 0x0000000005aef448 [0x0000000005aeee00+0x648]
J 13176 C2 net.minecraft.client.Minecraft.runGameLoop()V (769 bytes) @ 0x0000000005a09358 [0x0000000005a08620+0xd38]
J 13632% C1 net.minecraft.client.Minecraft.run()V (211 bytes) @ 0x00000000039122ec [0x0000000003912160+0x18c]
j  net.minecraft.client.main.Main.main([Ljava/lang/String;)V+998
v  ~StubRoutines::call_stub
j  sun.reflect.NativeMethodAccessorImpl.invoke0(Ljava/lang/reflect/Method;Ljava/lang/Object;[Ljava/lang/Object;)Ljava/lang/Object;+0
j  sun.reflect.NativeMethodAccessorImpl.invoke(Ljava/lang/Object;[Ljava/lang/Object;)Ljava/lang/Object;+100
j  sun.reflect.DelegatingMethodAccessorImpl.invoke(Ljava/lang/Object;[Ljava/lang/Object;)Ljava/lang/Object;+6
j  java.lang.reflect.Method.invoke(Ljava/lang/Object;[Ljava/lang/Object;)Ljava/lang/Object;+56
j  net.minecraft.launchwrapper.Launch.launch([Ljava/lang/String;)V+661
j  net.minecraft.launchwrapper.Launch.main([Ljava/lang/String;)V+8
j  net.minecraftforge.gradle.GradleStartCommon.launch([Ljava/lang/String;)V+181
j  GradleStart.main([Ljava/lang/String;)V+11
v  ~StubRoutines::call_stub

---------------  P R O C E S S  ---------------

Java Threads: ( => current thread )
  0x000000003701d800 JavaThread "File IO Thread" [_thread_blocked, id=8320, stack(0x0000000045df0000,0x0000000045ef0000)]
  0x000000003701f000 JavaThread "Chunk I/O Executor Thread-1" daemon [_thread_blocked, id=3352, stack(0x0000000042b80000,0x0000000042c80000)]
  0x0000000037012000 JavaThread "Netty IO #1" daemon [_thread_in_native, id=7280, stack(0x0000000042a80000,0x0000000042b80000)]
  0x0000000037018000 JavaThread "Netty Client IO #0" daemon [_thread_in_native, id=14392, stack(0x0000000042980000,0x0000000042a80000)]
  0x0000000037016800 JavaThread "Netty IO #0" daemon [_thread_in_native, id=13856, stack(0x0000000042880000,0x0000000042980000)]
  0x0000000037016000 JavaThread "ic2-poolthread-8" daemon [_thread_blocked, id=5400, stack(0x0000000042780000,0x0000000042880000)]
  0x0000000037015000 JavaThread "ic2-poolthread-7" daemon [_thread_blocked, id=14992, stack(0x0000000042680000,0x0000000042780000)]
  0x0000000037017800 JavaThread "ic2-poolthread-6" daemon [_thread_blocked, id=2108, stack(0x0000000042580000,0x0000000042680000)]
  0x0000000037019000 JavaThread "ic2-poolthread-5" daemon [_thread_blocked, id=13444, stack(0x0000000042480000,0x0000000042580000)]
  0x0000000037012800 JavaThread "ic2-poolthread-4" daemon [_thread_blocked, id=5980, stack(0x0000000042380000,0x0000000042480000)]
  0x0000000037011000 JavaThread "ic2-poolthread-3" daemon [_thread_blocked, id=1496, stack(0x0000000042280000,0x0000000042380000)]
  0x0000000037014800 JavaThread "Thread-15" [_thread_blocked, id=13124, stack(0x0000000042180000,0x0000000042280000)]
  0x0000000037013800 JavaThread "Server thread" [_thread_blocked, id=5500, stack(0x0000000042080000,0x0000000042180000)]
  0x0000000019f9b800 JavaThread "Snooper Timer" daemon [_thread_blocked, id=7572, stack(0x0000000041f80000,0x0000000042080000)]
  0x0000000019f9d800 JavaThread "Thread-13" [_thread_blocked, id=32, stack(0x000000003fd80000,0x000000003fe80000)]
  0x0000000019f9d000 JavaThread "Thread-12" [_thread_blocked, id=17236, stack(0x000000003fc80000,0x000000003fd80000)]
  0x0000000019f9c000 JavaThread "ic2-poolthread-2" daemon [_thread_blocked, id=7380, stack(0x000000003eb60000,0x000000003ec60000)]
  0x0000000019f9a000 JavaThread "ic2-poolthread-1" daemon [_thread_blocked, id=14352, stack(0x000000003d850000,0x000000003d950000)]
  0x0000000039d8e000 JavaThread "Thread-8" [_thread_blocked, id=17624, stack(0x000000003d150000,0x000000003d250000)]
  0x00000000218d9800 JavaThread "LWJGL Timer" daemon [_thread_blocked, id=8660, stack(0x0000000029120000,0x0000000029220000)]
  0x000000001dab2800 JavaThread "Java2D Disposer" daemon [_thread_blocked, id=15092, stack(0x00000000236e0000,0x00000000237e0000)]
  0x000000001c50b800 JavaThread "Timer hack thread" daemon [_thread_blocked, id=6460, stack(0x0000000020710000,0x0000000020810000)]
  0x000000001c544800 JavaThread "Snooper Timer" daemon [_thread_blocked, id=12048, stack(0x000000001aba0000,0x000000001aca0000)]
  0x0000000018807000 JavaThread "Service Thread" daemon [_thread_blocked, id=6688, stack(0x0000000019320000,0x0000000019420000)]
  0x00000000187c6800 JavaThread "C1 CompilerThread3" daemon [_thread_blocked, id=10688, stack(0x0000000019220000,0x0000000019320000)]
  0x00000000187bd800 JavaThread "C2 CompilerThread2" daemon [_thread_blocked, id=1700, stack(0x0000000019120000,0x0000000019220000)]
  0x00000000187b7800 JavaThread "C2 CompilerThread1" daemon [_thread_blocked, id=16884, stack(0x0000000019020000,0x0000000019120000)]
  0x000000001878e800 JavaThread "C2 CompilerThread0" daemon [_thread_blocked, id=6536, stack(0x0000000018f20000,0x0000000019020000)]
  0x0000000017b9e000 JavaThread "JDWP Command Reader" daemon [_thread_in_native, id=11748, stack(0x0000000018620000,0x0000000018720000)]
  0x0000000017b9b800 JavaThread "JDWP Event Helper Thread" daemon [_thread_blocked, id=1172, stack(0x0000000018520000,0x0000000018620000)]
  0x0000000017b8e800 JavaThread "JDWP Transport Listener: dt_socket" daemon [_thread_blocked, id=11636, stack(0x0000000018420000,0x0000000018520000)]
  0x0000000017b85800 JavaThread "Attach Listener" daemon [_thread_blocked, id=7752, stack(0x0000000018320000,0x0000000018420000)]
  0x0000000017b84800 JavaThread "Signal Dispatcher" daemon [_thread_blocked, id=15292, stack(0x0000000018220000,0x0000000018320000)]
  0x0000000017b28800 JavaThread "Surrogate Locker Thread (Concurrent GC)" daemon [_thread_blocked, id=14616, stack(0x0000000018120000,0x0000000018220000)]
  0x0000000017b05800 JavaThread "Finalizer" daemon [_thread_blocked, id=13864, stack(0x0000000018020000,0x0000000018120000)]
  0x000000001720f000 JavaThread "Reference Handler" daemon [_thread_blocked, id=14308, stack(0x0000000017f20000,0x0000000018020000)]
=>0x0000000002f3a000 JavaThread "Client thread" [_thread_in_native, id=8344, stack(0x0000000002de0000,0x0000000002ee0000)]

Other Threads:
  0x0000000017206800 VMThread [stack: 0x0000000017e20000,0x0000000017f20000] [id=15580]
  0x00000000187b8000 WatcherThread [stack: 0x0000000019420000,0x0000000019520000] [id=8824]

VM state:not at safepoint (normal execution)

VM Mutex/Monitor currently owned by a thread: None

Heap:
 par new generation   total 314560K, used 18895K [0x00000000c0000000, 0x00000000d5550000, 0x00000000d5550000)
  eden space 279616K,   2% used [0x00000000c0000000, 0x00000000c08241e0, 0x00000000d1110000)
  from space 34944K,  30% used [0x00000000d1110000, 0x00000000d1b5fb18, 0x00000000d3330000)
  to   space 34944K,   0% used [0x00000000d3330000, 0x00000000d3330000, 0x00000000d5550000)
 concurrent mark-sweep generation total 699072K, used 425915K [0x00000000d5550000, 0x0000000100000000, 0x0000000100000000)
 Metaspace       used 52391K, capacity 52927K, committed 53372K, reserved 1095680K
  class space    used 6350K, capacity 6510K, committed 6524K, reserved 1048576K

Card table byte_map: [0x0000000012df0000,0x0000000013000000] byte_map_base: 0x00000000127f0000

Marking Bits: (CMSBitMap*) 0x0000000002fc31f8
 Bits: [0x00000000139f0000, 0x000000001449ac00)

Mod Union Table: (CMSBitMap*) 0x0000000002fc32b8
 Bits: [0x0000000003030000, 0x000000000305aab0)

Polling page: 0x00000000009f0000

CodeCache: size=245760Kb used=44364Kb max_used=45811Kb free=201395Kb
 bounds [0x0000000003230000, 0x0000000005f40000, 0x0000000012230000]
 total_blobs=10514 nmethods=9639 adapters=792
 compilation: enabled

Compilation events (10 events):
Event: 5169.036 Thread 0x000000001878e800 15260       4       net.minecraft.world.World::isRaining (19 bytes)
Event: 5169.037 Thread 0x000000001878e800 nmethod 15260 0x000000000499a350 code [0x000000000499a4a0, 0x000000000499a538]
Event: 5170.089 Thread 0x00000000187c6800 15262       3       net.minecraft.world.World::updateWeatherBody (356 bytes)
Event: 5170.091 Thread 0x00000000187c6800 nmethod 15262 0x0000000004a32b50 code [0x0000000004a32ec0, 0x0000000004a346f8]
Event: 5170.091 Thread 0x00000000187c6800 15261       3       net.minecraft.world.WorldServer::updateWeather (221 bytes)
Event: 5170.094 Thread 0x00000000187c6800 nmethod 15261 0x000000000480f710 code [0x000000000480fa20, 0x0000000004811548]
Event: 5170.289 Thread 0x00000000187c6800 15263       3       net.minecraft.network.play.server.S2BPacketChangeGameState::processPacket (9 bytes)
Event: 5170.290 Thread 0x00000000187c6800 nmethod 15263 0x000000000480f090 code [0x000000000480f220, 0x000000000480f588]
Event: 5170.290 Thread 0x00000000187c6800 15264       3       net.minecraft.network.play.server.S2BPacketChangeGameState::processPacket (8 bytes)
Event: 5170.290 Thread 0x00000000187c6800 nmethod 15264 0x00000000054024d0 code [0x0000000005402640, 0x0000000005402828]

GC Heap History (10 events):
Event: 5148.762 GC heap after
Heap after GC invocations=393 (full 17):
 par new generation   total 314560K, used 6331K [0x00000000c0000000, 0x00000000d5550000, 0x00000000d5550000)
  eden space 279616K,   0% used [0x00000000c0000000, 0x00000000c0000000, 0x00000000d1110000)
  from space 34944K,  18% used [0x00000000d3330000, 0x00000000d395ec50, 0x00000000d5550000)
  to   space 34944K,   0% used [0x00000000d1110000, 0x00000000d1110000, 0x00000000d3330000)
 concurrent mark-sweep generation total 699072K, used 425697K [0x00000000d5550000, 0x0000000100000000, 0x0000000100000000)
 Metaspace       used 52380K, capacity 52927K, committed 53372K, reserved 1095680K
  class space    used 6350K, capacity 6510K, committed 6524K, reserved 1048576K
}
Event: 5153.298 GC heap before
{Heap before GC invocations=393 (full 17):
 par new generation   total 314560K, used 285947K [0x00000000c0000000, 0x00000000d5550000, 0x00000000d5550000)
  eden space 279616K, 100% used [0x00000000c0000000, 0x00000000d1110000, 0x00000000d1110000)
  from space 34944K,  18% used [0x00000000d3330000, 0x00000000d395ec50, 0x00000000d5550000)
  to   space 34944K,   0% used [0x00000000d1110000, 0x00000000d1110000, 0x00000000d3330000)
 concurrent mark-sweep generation total 699072K, used 425697K [0x00000000d5550000, 0x0000000100000000, 0x0000000100000000)
 Metaspace       used 52383K, capacity 52927K, committed 53372K, reserved 1095680K
  class space    used 6350K, capacity 6510K, committed 6524K, reserved 1048576K
Event: 5153.308 GC heap after
Heap after GC invocations=394 (full 17):
 par new generation   total 314560K, used 6214K [0x00000000c0000000, 0x00000000d5550000, 0x00000000d5550000)
  eden space 279616K,   0% used [0x00000000c0000000, 0x00000000c0000000, 0x00000000d1110000)
  from space 34944K,  17% used [0x00000000d1110000, 0x00000000d1721b20, 0x00000000d3330000)
  to   space 34944K,   0% used [0x00000000d3330000, 0x00000000d3330000, 0x00000000d5550000)
 concurrent mark-sweep generation total 699072K, used 425697K [0x00000000d5550000, 0x0000000100000000, 0x0000000100000000)
 Metaspace       used 52383K, capacity 52927K, committed 53372K, reserved 1095680K
  class space    used 6350K, capacity 6510K, committed 6524K, reserved 1048576K
}
Event: 5158.198 GC heap before
{Heap before GC invocations=394 (full 17):
 par new generation   total 314560K, used 285830K [0x00000000c0000000, 0x00000000d5550000, 0x00000000d5550000)
  eden space 279616K, 100% used [0x00000000c0000000, 0x00000000d1110000, 0x00000000d1110000)
  from space 34944K,  17% used [0x00000000d1110000, 0x00000000d1721b20, 0x00000000d3330000)
  to   space 34944K,   0% used [0x00000000d3330000, 0x00000000d3330000, 0x00000000d5550000)
 concurrent mark-sweep generation total 699072K, used 425697K [0x00000000d5550000, 0x0000000100000000, 0x0000000100000000)
 Metaspace       used 52387K, capacity 52927K, committed 53372K, reserved 1095680K
  class space    used 6350K, capacity 6510K, committed 6524K, reserved 1048576K
Event: 5158.210 GC heap after
Heap after GC invocations=395 (full 17):
 par new generation   total 314560K, used 6877K [0x00000000c0000000, 0x00000000d5550000, 0x00000000d5550000)
  eden space 279616K,   0% used [0x00000000c0000000, 0x00000000c0000000, 0x00000000d1110000)
  from space 34944K,  19% used [0x00000000d3330000, 0x00000000d39e77a8, 0x00000000d5550000)
  to   space 34944K,   0% used [0x00000000d1110000, 0x00000000d1110000, 0x00000000d3330000)
 concurrent mark-sweep generation total 699072K, used 425697K [0x00000000d5550000, 0x0000000100000000, 0x0000000100000000)
 Metaspace       used 52387K, capacity 52927K, committed 53372K, reserved 1095680K
  class space    used 6350K, capacity 6510K, committed 6524K, reserved 1048576K
}
Event: 5163.460 GC heap before
{Heap before GC invocations=395 (full 17):
 par new generation   total 314560K, used 286493K [0x00000000c0000000, 0x00000000d5550000, 0x00000000d5550000)
  eden space 279616K, 100% used [0x00000000c0000000, 0x00000000d1110000, 0x00000000d1110000)
  from space 34944K,  19% used [0x00000000d3330000, 0x00000000d39e77a8, 0x00000000d5550000)
  to   space 34944K,   0% used [0x00000000d1110000, 0x00000000d1110000, 0x00000000d3330000)
 concurrent mark-sweep generation total 699072K, used 425697K [0x00000000d5550000, 0x0000000100000000, 0x0000000100000000)
 Metaspace       used 52387K, capacity 52927K, committed 53372K, reserved 1095680K
  class space    used 6350K, capacity 6510K, committed 6524K, reserved 1048576K
Event: 5163.468 GC heap after
Heap after GC invocations=396 (full 17):
 par new generation   total 314560K, used 7484K [0x00000000c0000000, 0x00000000d5550000, 0x00000000d5550000)
  eden space 279616K,   0% used [0x00000000c0000000, 0x00000000c0000000, 0x00000000d1110000)
  from space 34944K,  21% used [0x00000000d1110000, 0x00000000d185f030, 0x00000000d3330000)
  to   space 34944K,   0% used [0x00000000d3330000, 0x00000000d3330000, 0x00000000d5550000)
 concurrent mark-sweep generation total 699072K, used 425728K [0x00000000d5550000, 0x0000000100000000, 0x0000000100000000)
 Metaspace       used 52387K, capacity 52927K, committed 53372K, reserved 1095680K
  class space    used 6350K, capacity 6510K, committed 6524K, reserved 1048576K
}
Event: 5169.444 GC heap before
{Heap before GC invocations=396 (full 17):
 par new generation   total 314560K, used 287100K [0x00000000c0000000, 0x00000000d5550000, 0x00000000d5550000)
  eden space 279616K, 100% used [0x00000000c0000000, 0x00000000d1110000, 0x00000000d1110000)
  from space 34944K,  21% used [0x00000000d1110000, 0x00000000d185f030, 0x00000000d3330000)
  to   space 34944K,   0% used [0x00000000d3330000, 0x00000000d3330000, 0x00000000d5550000)
 concurrent mark-sweep generation total 699072K, used 425728K [0x00000000d5550000, 0x0000000100000000, 0x0000000100000000)
 Metaspace       used 52387K, capacity 52927K, committed 53372K, reserved 1095680K
  class space    used 6350K, capacity 6510K, committed 6524K, reserved 1048576K
Event: 5169.453 GC heap after
Heap after GC invocations=397 (full 17):
 par new generation   total 314560K, used 9457K [0x00000000c0000000, 0x00000000d5550000, 0x00000000d5550000)
  eden space 279616K,   0% used [0x00000000c0000000, 0x00000000c0000000, 0x00000000d1110000)
  from space 34944K,  27% used [0x00000000d3330000, 0x00000000d3c6c430, 0x00000000d5550000)
  to   space 34944K,   0% used [0x00000000d1110000, 0x00000000d1110000, 0x00000000d3330000)
 concurrent mark-sweep generation total 699072K, used 425830K [0x00000000d5550000, 0x0000000100000000, 0x0000000100000000)
 Metaspace       used 52387K, capacity 52927K, committed 53372K, reserved 1095680K
  class space    used 6350K, capacity 6510K, committed 6524K, reserved 1048576K
}
Event: 5175.989 GC heap before
{Heap before GC invocations=397 (full 17):
 par new generation   total 314560K, used 289073K [0x00000000c0000000, 0x00000000d5550000, 0x00000000d5550000)
  eden space 279616K, 100% used [0x00000000c0000000, 0x00000000d1110000, 0x00000000d1110000)
  from space 34944K,  27% used [0x00000000d3330000, 0x00000000d3c6c430, 0x00000000d5550000)
  to   space 34944K,   0% used [0x00000000d1110000, 0x00000000d1110000, 0x00000000d3330000)
 concurrent mark-sweep generation total 699072K, used 425830K [0x00000000d5550000, 0x0000000100000000, 0x0000000100000000)
 Metaspace       used 52391K, capacity 52927K, committed 53372K, reserved 1095680K
  class space    used 6350K, capacity 6510K, committed 6524K, reserved 1048576K

Deoptimization events (10 events):
Event: 4711.936 Thread 0x0000000037013800 Uncommon trap: reason=unstable_if action=reinterpret pc=0x000000000358aaec method=net.minecraft.entity.ai.EntityAISwimming.shouldExecute()Z @ 17
Event: 4711.936 Thread 0x0000000037013800 Uncommon trap: reason=unstable_if action=reinterpret pc=0x0000000004922bcc method=net.minecraft.entity.EntityLivingBase.onLivingUpdate()V @ 445
Event: 4711.987 Thread 0x0000000037013800 Uncommon trap: reason=unstable_if action=reinterpret pc=0x00000000055f87ac method=net.minecraft.entity.ai.EntityAISwimming.shouldExecute()Z @ 17
Event: 4712.036 Thread 0x0000000037013800 Uncommon trap: reason=unstable_if action=reinterpret pc=0x00000000054d2944 method=net.minecraft.pathfinding.PathNavigate.isInLiquid()Z @ 17
Event: 4712.137 Thread 0x0000000037013800 Uncommon trap: reason=class_check action=maybe_recompile pc=0x0000000005709f80 method=net.minecraft.entity.EntityLivingBase.attackEntityFrom(Lnet/minecraft/util/DamageSource;F)Z @ 166
Event: 4714.139 Thread 0x0000000037013800 Uncommon trap: reason=bimorphic action=maybe_recompile pc=0x0000000005a26c4c method=net.minecraft.entity.EntityLivingBase.onEntityUpdate()V @ 427
Event: 4714.189 Thread 0x0000000037013800 Uncommon trap: reason=bimorphic action=maybe_recompile pc=0x0000000005a26c4c method=net.minecraft.entity.EntityLivingBase.onEntityUpdate()V @ 427
Event: 5007.239 Thread 0x0000000037013800 Uncommon trap: reason=unstable_if action=reinterpret pc=0x0000000005573ea0 method=net.minecraft.village.VillageSiege.tick()V @ 42
Event: 5167.933 Thread 0x0000000037013800 Uncommon trap: reason=unstable_if action=reinterpret pc=0x0000000005017250 method=net.minecraft.world.World.updateWeatherBody()V @ 99
Event: 5167.935 Thread 0x0000000037013800 Uncommon trap: reason=unstable_if action=reinterpret pc=0x0000000005915ed0 method=net.minecraft.world.WorldServer.updateWeather()V @ 60

Classes redefined (10 events):
Event: 2377.593 Thread 0x0000000017206800 redefined class name=com.github.mrstop.stdemo.block.BlockWindmillGround, count=9
Event: 2399.936 Thread 0x0000000017206800 redefined class name=com.github.mrstop.stdemo.block.BlockWindmillGround, count=10
Event: 2635.329 Thread 0x0000000017206800 redefined class name=com.github.mrstop.stdemo.block.BlockWindmillGround, count=11
Event: 3821.890 Thread 0x0000000017206800 redefined class name=com.github.mrstop.stdemo.block.BlockWindmillGround, count=12
Event: 3928.768 Thread 0x0000000017206800 redefined class name=com.github.mrstop.stdemo.block.BlockWindmillGround, count=13
Event: 4095.522 Thread 0x0000000017206800 redefined class name=com.github.mrstop.stdemo.block.BlockWindmillGround, count=14
Event: 4124.422 Thread 0x0000000017206800 redefined class name=com.github.mrstop.stdemo.block.BlockWindmillGround, count=15
Event: 4313.945 Thread 0x0000000017206800 redefined class name=com.github.mrstop.stdemo.block.BlockWindmillGround, count=16
Event: 4376.972 Thread 0x0000000017206800 redefined class name=com.github.mrstop.stdemo.block.BlockWindmillGround, count=17
Event: 4454.975 Thread 0x0000000017206800 redefined class name=com.github.mrstop.stdemo.block.BlockWindmillGround, count=18

Internal exceptions (10 events):
Event: 5174.773 Thread 0x0000000019f9d000 Exception <a 'java/lang/InterruptedException': sleep interrupted> (0x00000000cdd57340) thrown at [C:\re\workspace\8-2-build-windows-amd64-cygwin\jdk8u181\11358\hotspot\src\share\vm\prims\jvm.cpp, line 3273]
Event: 5174.895 Thread 0x0000000019f9d000 Exception <a 'java/lang/InterruptedException': sleep interrupted> (0x00000000cdd575e8) thrown at [C:\re\workspace\8-2-build-windows-amd64-cygwin\jdk8u181\11358\hotspot\src\share\vm\prims\jvm.cpp, line 3273]
Event: 5175.008 Thread 0x0000000019f9d000 Exception <a 'java/lang/InterruptedException': sleep interrupted> (0x00000000cdd57890) thrown at [C:\re\workspace\8-2-build-windows-amd64-cygwin\jdk8u181\11358\hotspot\src\share\vm\prims\jvm.cpp, line 3273]
Event: 5175.115 Thread 0x0000000019f9d000 Exception <a 'java/lang/InterruptedException': sleep interrupted> (0x00000000cecdb778) thrown at [C:\re\workspace\8-2-build-windows-amd64-cygwin\jdk8u181\11358\hotspot\src\share\vm\prims\jvm.cpp, line 3273]
Event: 5175.239 Thread 0x0000000019f9d000 Exception <a 'java/lang/InterruptedException': sleep interrupted> (0x00000000cecdba20) thrown at [C:\re\workspace\8-2-build-windows-amd64-cygwin\jdk8u181\11358\hotspot\src\share\vm\prims\jvm.cpp, line 3273]
Event: 5175.358 Thread 0x0000000019f9d000 Exception <a 'java/lang/InterruptedException': sleep interrupted> (0x00000000cecdbcc8) thrown at [C:\re\workspace\8-2-build-windows-amd64-cygwin\jdk8u181\11358\hotspot\src\share\vm\prims\jvm.cpp, line 3273]
Event: 5175.452 Thread 0x0000000019f9d000 Exception <a 'java/lang/InterruptedException': sleep interrupted> (0x00000000cf7433c8) thrown at [C:\re\workspace\8-2-build-windows-amd64-cygwin\jdk8u181\11358\hotspot\src\share\vm\prims\jvm.cpp, line 3273]
Event: 5175.619 Thread 0x0000000019f9d000 Exception <a 'java/lang/InterruptedException': sleep interrupted> (0x00000000cf743670) thrown at [C:\re\workspace\8-2-build-windows-amd64-cygwin\jdk8u181\11358\hotspot\src\share\vm\prims\jvm.cpp, line 3273]
Event: 5175.734 Thread 0x0000000019f9d000 Exception <a 'java/lang/InterruptedException': sleep interrupted> (0x00000000cf743918) thrown at [C:\re\workspace\8-2-build-windows-amd64-cygwin\jdk8u181\11358\hotspot\src\share\vm\prims\jvm.cpp, line 3273]
Event: 5175.873 Thread 0x0000000019f9d000 Exception <a 'java/lang/InterruptedException': sleep interrupted> (0x00000000d0873c98) thrown at [C:\re\workspace\8-2-build-windows-amd64-cygwin\jdk8u181\11358\hotspot\src\share\vm\prims\jvm.cpp, line 3273]

Events (10 events):
Event: 5175.860 Thread 0x0000000002f3a000 DEOPT UNPACKING pc=0x0000000003277890 sp=0x0000000002ede430 mode 1
Event: 5175.865 Thread 0x0000000002f3a000 DEOPT PACKING pc=0x0000000004a8f020 sp=0x0000000002ede890
Event: 5175.865 Thread 0x0000000002f3a000 DEOPT UNPACKING pc=0x0000000003277890 sp=0x0000000002ede540 mode 1
Event: 5175.868 Thread 0x0000000002f3a000 DEOPT PACKING pc=0x0000000004a8f020 sp=0x0000000002ede890
Event: 5175.868 Thread 0x0000000002f3a000 DEOPT UNPACKING pc=0x0000000003277890 sp=0x0000000002ede540 mode 1
Event: 5175.873 Thread 0x0000000002f3a000 DEOPT PACKING pc=0x0000000004a8f020 sp=0x0000000002ede890
Event: 5175.873 Thread 0x0000000002f3a000 DEOPT UNPACKING pc=0x0000000003277890 sp=0x0000000002ede540 mode 1
Event: 5175.873 Thread 0x0000000019f9d000 DEOPT PACKING pc=0x000000000524d0dc sp=0x000000003fd7f490
Event: 5175.873 Thread 0x0000000019f9d000 DEOPT UNPACKING pc=0x0000000003277890 sp=0x000000003fd7f1a8 mode 1
Event: 5175.989 Executing VM operation: GenCollectForAllocation


Dynamic libraries:
0x00007ff67a610000 - 0x00007ff67a647000 	C:\Program Files\Java\jdk1.8.0_181\bin\java.exe
0x00007ffe5fc00000 - 0x00007ffe5fded000 	C:\WINDOWS\SYSTEM32\ntdll.dll
0x00007ffe5f930000 - 0x00007ffe5f9e3000 	C:\WINDOWS\System32\KERNEL32.DLL
0x00007ffe5bfd0000 - 0x00007ffe5c263000 	C:\WINDOWS\System32\KERNELBASE.dll
0x00007ffe5d470000 - 0x00007ffe5d513000 	C:\WINDOWS\System32\ADVAPI32.dll
0x00007ffe5d2b0000 - 0x00007ffe5d34e000 	C:\WINDOWS\System32\msvcrt.dll
0x00007ffe5d3b0000 - 0x00007ffe5d44e000 	C:\WINDOWS\System32\sechost.dll
0x00007ffe5f6d0000 - 0x00007ffe5f7f3000 	C:\WINDOWS\System32\RPCRT4.dll
0x00007ffe5ee70000 - 0x00007ffe5f007000 	C:\WINDOWS\System32\USER32.dll
0x00007ffe5c490000 - 0x00007ffe5c4b0000 	C:\WINDOWS\System32\win32u.dll
0x00007ffe5f5f0000 - 0x00007ffe5f619000 	C:\WINDOWS\System32\GDI32.dll
0x00007ffe5c270000 - 0x00007ffe5c40a000 	C:\WINDOWS\System32\gdi32full.dll
0x00007ffe5cc60000 - 0x00007ffe5cd00000 	C:\WINDOWS\System32\msvcp_win.dll
0x00007ffe5bcf0000 - 0x00007ffe5bdec000 	C:\WINDOWS\System32\ucrtbase.dll
0x00007ffe4b060000 - 0x00007ffe4b2d9000 	C:\WINDOWS\WinSxS\amd64_microsoft.windows.common-controls_6595b64144ccf1df_6.0.17763.1_none_f040600eff408c2d\COMCTL32.dll
0x00007ffe5eb40000 - 0x00007ffe5ee6e000 	C:\WINDOWS\System32\combase.dll
0x00007ffe5cd00000 - 0x00007ffe5cd7e000 	C:\WINDOWS\System32\bcryptPrimitives.dll
0x00007ffe5f070000 - 0x00007ffe5f09e000 	C:\WINDOWS\System32\IMM32.DLL
0x0000000051060000 - 0x0000000051132000 	C:\Program Files\Java\jdk1.8.0_181\jre\bin\msvcr100.dll
0x00000000507b0000 - 0x0000000051052000 	C:\Program Files\Java\jdk1.8.0_181\jre\bin\server\jvm.dll
0x00007ffe5fae0000 - 0x00007ffe5fae8000 	C:\WINDOWS\System32\PSAPI.DLL
0x00007ffe5a770000 - 0x00007ffe5a779000 	C:\WINDOWS\SYSTEM32\WSOCK32.dll
0x00007ffe53900000 - 0x00007ffe5390a000 	C:\WINDOWS\SYSTEM32\VERSION.dll
0x00007ffe570e0000 - 0x00007ffe57104000 	C:\WINDOWS\SYSTEM32\WINMM.dll
0x00007ffe5f9f0000 - 0x00007ffe5fa5d000 	C:\WINDOWS\System32\WS2_32.dll
0x00007ffe57000000 - 0x00007ffe5702d000 	C:\WINDOWS\SYSTEM32\winmmbase.dll
0x00007ffe5c440000 - 0x00007ffe5c48a000 	C:\WINDOWS\System32\cfgmgr32.dll
0x00000000507a0000 - 0x00000000507af000 	C:\Program Files\Java\jdk1.8.0_181\jre\bin\verify.dll
0x0000000050770000 - 0x0000000050799000 	C:\Program Files\Java\jdk1.8.0_181\jre\bin\java.dll
0x0000000050710000 - 0x0000000050745000 	C:\Program Files\Java\jdk1.8.0_181\jre\bin\jdwp.dll
0x00000000506e0000 - 0x00000000506e8000 	C:\Program Files\Java\jdk1.8.0_181\jre\bin\npt.dll
0x00000000506b0000 - 0x00000000506d3000 	C:\Program Files\Java\jdk1.8.0_181\jre\bin\instrument.dll
0x0000000050750000 - 0x0000000050766000 	C:\Program Files\Java\jdk1.8.0_181\jre\bin\zip.dll
0x00007ffe5d5f0000 - 0x00007ffe5eadf000 	C:\WINDOWS\System32\SHELL32.dll
0x00007ffe5f620000 - 0x00007ffe5f6c8000 	C:\WINDOWS\System32\shcore.dll
0x00007ffe5c510000 - 0x00007ffe5cc58000 	C:\WINDOWS\System32\windows.storage.dll
0x00007ffe5bc20000 - 0x00007ffe5bc44000 	C:\WINDOWS\System32\profapi.dll
0x00007ffe5bc70000 - 0x00007ffe5bccd000 	C:\WINDOWS\System32\powrprof.dll
0x00007ffe5faf0000 - 0x00007ffe5fb42000 	C:\WINDOWS\System32\shlwapi.dll
0x00007ffe5bc50000 - 0x00007ffe5bc61000 	C:\WINDOWS\System32\kernel.appcore.dll
0x00007ffe5bcd0000 - 0x00007ffe5bce7000 	C:\WINDOWS\System32\cryptsp.dll
0x00000000506a0000 - 0x00000000506a9000 	C:\Program Files\Java\jdk1.8.0_181\jre\bin\dt_socket.dll
0x00007ffe5b420000 - 0x00007ffe5b487000 	C:\WINDOWS\system32\mswsock.dll
0x0000000050650000 - 0x000000005065d000 	C:\Program Files\Java\jdk1.8.0_181\jre\bin\management.dll
0x0000000050680000 - 0x000000005069a000 	C:\Program Files\Java\jdk1.8.0_181\jre\bin\net.dll
0x0000000050660000 - 0x0000000050671000 	C:\Program Files\Java\jdk1.8.0_181\jre\bin\nio.dll
0x00007ffe380b0000 - 0x00007ffe380c6000 	C:\WINDOWS\system32\napinsp.dll
0x00007ffe38090000 - 0x00007ffe380aa000 	C:\WINDOWS\system32\pnrpnsp.dll
0x00007ffe5b1c0000 - 0x00007ffe5b286000 	C:\WINDOWS\SYSTEM32\DNSAPI.dll
0x00007ffe5d450000 - 0x00007ffe5d458000 	C:\WINDOWS\System32\NSI.dll
0x00007ffe5b180000 - 0x00007ffe5b1bd000 	C:\WINDOWS\SYSTEM32\IPHLPAPI.DLL
0x00007ffe38a60000 - 0x00007ffe38a6e000 	C:\WINDOWS\System32\winrnr.dll
0x00007ffe59560000 - 0x00007ffe5957b000 	C:\WINDOWS\system32\NLAapi.dll
0x00007ffe53c60000 - 0x00007ffe53c75000 	C:\WINDOWS\system32\wshbth.dll
0x00007ffe4d4d0000 - 0x00007ffe4d4da000 	C:\Windows\System32\rasadhlp.dll
0x00007ffe4da80000 - 0x00007ffe4daf9000 	C:\WINDOWS\System32\fwpuclnt.dll
0x00007ffe5c410000 - 0x00007ffe5c436000 	C:\WINDOWS\System32\bcrypt.dll
0x0000000180000000 - 0x0000000180051000 	C:\Users\MrST\.gradle\caches\minecraft\net\minecraft\minecraft_natives\1.7.10\lwjgl64.dll
0x00007ffe3d620000 - 0x00007ffe3d747000 	C:\WINDOWS\SYSTEM32\OPENGL32.dll
0x00007ffe3d5b0000 - 0x00007ffe3d5dc000 	C:\WINDOWS\SYSTEM32\GLU32.dll
0x00007ffe5afe0000 - 0x00007ffe5b013000 	C:\WINDOWS\system32\rsaenh.dll
0x00007ffe5bac0000 - 0x00007ffe5bae8000 	C:\WINDOWS\SYSTEM32\USERENV.dll
0x00007ffe5b5f0000 - 0x00007ffe5b5fc000 	C:\WINDOWS\SYSTEM32\CRYPTBASE.dll
0x00007ffe531e0000 - 0x00007ffe531f6000 	C:\WINDOWS\SYSTEM32\dhcpcsvc6.DLL
0x00007ffe53920000 - 0x00007ffe5393c000 	C:\WINDOWS\SYSTEM32\dhcpcsvc.DLL
0x00000000504b0000 - 0x0000000050649000 	C:\Program Files\Java\jdk1.8.0_181\jre\bin\awt.dll
0x00007ffe5d520000 - 0x00007ffe5d5eb000 	C:\WINDOWS\System32\OLEAUT32.dll
0x00007ffe59270000 - 0x00007ffe592fc000 	C:\WINDOWS\SYSTEM32\apphelp.dll
0x00007ffe59400000 - 0x00007ffe5949c000 	C:\WINDOWS\system32\uxtheme.dll
0x00007ffe5f0a0000 - 0x00007ffe5f20a000 	C:\WINDOWS\System32\MSCTF.dll
0x00007ffe5a110000 - 0x00007ffe5a13e000 	C:\WINDOWS\system32\dwmapi.dll
0x00007ffe5bdf0000 - 0x00007ffe5bfcb000 	C:\WINDOWS\System32\CRYPT32.dll
0x00007ffe5bc00000 - 0x00007ffe5bc12000 	C:\WINDOWS\System32\MSASN1.dll
0x00007ffdecd10000 - 0x00007ffdeda5a000 	C:\WINDOWS\System32\DriverStore\FileRepository\igdlh64.inf_amd64_b228b799720b403b\ig9icd64.dll
0x00007ffe5a750000 - 0x00007ffe5a763000 	C:\WINDOWS\SYSTEM32\WTSAPI32.dll
0x00007ffe423f0000 - 0x00007ffe42485000 	C:\WINDOWS\System32\TextInputFramework.dll
0x00007ffe58b20000 - 0x00007ffe58c02000 	C:\WINDOWS\System32\CoreMessaging.dll
0x00007ffe545a0000 - 0x00007ffe548c2000 	C:\WINDOWS\System32\CoreUIComponents.dll
0x00007ffe573e0000 - 0x00007ffe57533000 	C:\WINDOWS\SYSTEM32\wintypes.dll
0x00007ffe5ad70000 - 0x00007ffe5ada1000 	C:\WINDOWS\SYSTEM32\ntmarta.dll
0x00007ffe489b0000 - 0x00007ffe48a5d000 	C:\WINDOWS\SYSTEM32\mscms.dll
0x00007ffe4a640000 - 0x00007ffe4a650000 	C:\WINDOWS\SYSTEM32\ColorAdapterClient.dll
0x00007ffe47270000 - 0x00007ffe472b3000 	C:\WINDOWS\SYSTEM32\icm32.dll
0x00007ffe4eb90000 - 0x00007ffe4fced000 	C:\WINDOWS\System32\DriverStore\FileRepository\igdlh64.inf_amd64_b228b799720b403b\igc64.dll
0x00007ffe5a920000 - 0x00007ffe5a9e2000 	C:\WINDOWS\SYSTEM32\dxgi.dll
0x00007ffe57f80000 - 0x00007ffe581fe000 	C:\WINDOWS\SYSTEM32\d3d11.dll
0x00007ffe51490000 - 0x00007ffe52a0c000 	C:\WINDOWS\System32\DriverStore\FileRepository\igdlh64.inf_amd64_b228b799720b403b\igd10iumd64.dll
0x00007ffe5b6e0000 - 0x00007ffe5b706000 	C:\WINDOWS\SYSTEM32\ncrypt.dll
0x00007ffe5b6a0000 - 0x00007ffe5b6dc000 	C:\WINDOWS\SYSTEM32\NTASN1.dll
0x0000000070a40000 - 0x0000000070adc000 	C:\Users\MrST\.gradle\caches\minecraft\net\minecraft\minecraft_natives\1.7.10\avutil-ttv-51.dll
0x0000000065980000 - 0x00000000659d6000 	C:\Users\MrST\.gradle\caches\minecraft\net\minecraft\minecraft_natives\1.7.10\swresample-ttv-0.dll
0x000000006eb80000 - 0x000000006ec50000 	C:\Users\MrST\.gradle\caches\minecraft\net\minecraft\minecraft_natives\1.7.10\libmp3lame-ttv.dll
0x00007ffdeb960000 - 0x00007ffdecd04000 	C:\Users\MrST\.gradle\caches\minecraft\net\minecraft\minecraft_natives\1.7.10\libmfxsw64.dll
0x00007ffe3b990000 - 0x00007ffe3babb000 	C:\Users\MrST\.gradle\caches\minecraft\net\minecraft\minecraft_natives\1.7.10\twitchsdk.dll
0x00007ffe5f210000 - 0x00007ffe5f365000 	C:\WINDOWS\System32\ole32.dll
0x00007ffe48330000 - 0x00007ffe487c3000 	C:\WINDOWS\SYSTEM32\WININET.dll
0x0000000050480000 - 0x00000000504a4000 	C:\Program Files\Java\jdk1.8.0_181\jre\bin\sunec.dll
0x0000000050470000 - 0x000000005047b000 	C:\Program Files\Java\jdk1.8.0_181\jre\bin\sunmscapi.dll
0x000000001cf90000 - 0x000000001cff4000 	C:\Users\MrST\.gradle\caches\minecraft\net\minecraft\minecraft_natives\1.7.10\OpenAL64.dll
0x00007ffe5f540000 - 0x00007ffe5f5e2000 	C:\WINDOWS\System32\clbcatq.dll
0x00007ffe51200000 - 0x00007ffe51270000 	C:\WINDOWS\System32\MMDevApi.dll
0x00007ffe59810000 - 0x00007ffe599b8000 	C:\WINDOWS\System32\PROPSYS.dll
0x00007ffe5b9a0000 - 0x00007ffe5b9c9000 	C:\WINDOWS\System32\DEVOBJ.dll
0x00007ffe231e0000 - 0x00007ffe23276000 	C:\WINDOWS\SYSTEM32\dsound.dll
0x00007ffe510b0000 - 0x00007ffe511f8000 	C:\WINDOWS\SYSTEM32\AUDIOSES.DLL
0x00007ffe55ae0000 - 0x00007ffe55aea000 	C:\WINDOWS\SYSTEM32\AVRT.dll
0x00007ffe5a140000 - 0x00007ffe5a154000 	C:\WINDOWS\SYSTEM32\resourcepolicyclient.dll
0x00007ffe36990000 - 0x00007ffe36b74000 	C:\WINDOWS\system32\sogoutsf.ime
0x00007ffe4cb20000 - 0x00007ffe4cb27000 	C:\WINDOWS\system32\MSIMG32.dll
0x00007ffe2a4d0000 - 0x00007ffe2ad33000 	C:\WINDOWS\system32\SogouPy.ime
0x00007ffe564a0000 - 0x00007ffe56591000 	C:\WINDOWS\SYSTEM32\WINHTTP.dll
0x00007ffe4c7a0000 - 0x00007ffe4c80c000 	C:\WINDOWS\SYSTEM32\OLEACC.dll
0x000000003d950000 - 0x000000003da6e000 	C:\Program Files (x86)\SogouInput\9.1.0.2589\Resource.dll
0x00007ffe3b530000 - 0x00007ffe3b798000 	C:\Program Files (x86)\SogouInput\Components\PicFace\1.1.0.1835\PicFace64.dll
0x00007ffe5f800000 - 0x00007ffe5f927000 	C:\WINDOWS\System32\COMDLG32.dll
0x00007ffe39bf0000 - 0x00007ffe39c35000 	C:\WINDOWS\SYSTEM32\edputil.dll
0x00007ffe454c0000 - 0x00007ffe455e8000 	C:\Windows\System32\Windows.StateRepositoryPS.dll
0x00007ffe4ff00000 - 0x00007ffe500d7000 	C:\WINDOWS\SYSTEM32\urlmon.dll
0x00007ffe4d1b0000 - 0x00007ffe4d458000 	C:\WINDOWS\SYSTEM32\iertutil.dll
0x00007ffe5ba90000 - 0x00007ffe5babf000 	C:\WINDOWS\SYSTEM32\SspiCli.dll
0x00007ffe3cfe0000 - 0x00007ffe3cfff000 	C:\WINDOWS\SYSTEM32\CLDAPI.dll
0x00007ffe46ae0000 - 0x00007ffe46aea000 	C:\WINDOWS\SYSTEM32\FLTLIB.DLL
0x00007ffe40f60000 - 0x00007ffe40fea000 	C:\Windows\System32\appresolver.dll
0x00007ffe40f00000 - 0x00007ffe40f5c000 	C:\Windows\System32\Bcp47Langs.dll
0x00007ffe5ab10000 - 0x00007ffe5ab38000 	C:\Windows\System32\SLC.dll
0x00007ffe5aae0000 - 0x00007ffe5ab06000 	C:\Windows\System32\sppc.dll
0x00007ffe5a420000 - 0x00007ffe5a60d000 	C:\WINDOWS\SYSTEM32\dbghelp.dll

VM Arguments:
jvm_args: -agentlib:jdwp=transport=dt_socket,address=127.0.0.1:9383,suspend=y,server=n -Xincgc -Xmx1024M -Xms1024M -javaagent:C:\Users\MrST\.IntelliJIdea2018.2\system\groovyHotSwap\gragent.jar -javaagent:C:\Users\MrST\.IntelliJIdea2018.2\system\captureAgent\debugger-agent.jar=file:/C:/Users/MrST/AppData/Local/Temp/capture.props -Dfile.encoding=UTF-8 
java_command: GradleStart
java_class_path (initial): C:\Program Files\Java\jdk1.8.0_181\jre\lib\charsets.jar;C:\Program Files\Java\jdk1.8.0_181\jre\lib\deploy.jar;C:\Program Files\Java\jdk1.8.0_181\jre\lib\ext\access-bridge-64.jar;C:\Program Files\Java\jdk1.8.0_181\jre\lib\ext\cldrdata.jar;C:\Program Files\Java\jdk1.8.0_181\jre\lib\ext\dnsns.jar;C:\Program Files\Java\jdk1.8.0_181\jre\lib\ext\jaccess.jar;C:\Program Files\Java\jdk1.8.0_181\jre\lib\ext\jfxrt.jar;C:\Program Files\Java\jdk1.8.0_181\jre\lib\ext\localedata.jar;C:\Program Files\Java\jdk1.8.0_181\jre\lib\ext\nashorn.jar;C:\Program Files\Java\jdk1.8.0_181\jre\lib\ext\sunec.jar;C:\Program Files\Java\jdk1.8.0_181\jre\lib\ext\sunjce_provider.jar;C:\Program Files\Java\jdk1.8.0_181\jre\lib\ext\sunmscapi.jar;C:\Program Files\Java\jdk1.8.0_181\jre\lib\ext\sunpkcs11.jar;C:\Program Files\Java\jdk1.8.0_181\jre\lib\ext\zipfs.jar;C:\Program Files\Java\jdk1.8.0_181\jre\lib\javaws.jar;C:\Program Files\Java\jdk1.8.0_181\jre\lib\jce.jar;C:\Program Files\Java\jdk1.8.0_181\jre\lib\jfr.jar;C:\Program Files\Java\jdk1.8.0_181\jre\lib\jfxswt.jar;C:\Program Files\Java\jdk1.8.0_181\jre\lib\jsse.jar;C:\Program Files\Java\jdk1.8.0_181\jre\lib\management-agent.jar;C:\Program Files\Java\jdk1.8.0_181\jre\lib\plugin.jar;C:\Program Files\Java\jdk1.8.0_181\jre\lib\resources.jar;C:\Program Files\Java\jdk1.8.0_181\jre\lib\rt.jar;D:\McModDev\1.7.10\forge-1.7.10-10.13.4.1614-1.7.10-src\out\production\forge-1.7.10-10.13.4.1614-1.7.10-src;C:\Users\MrST\.gradle\caches\minecraft\net\minecraftforge\forge\1.7.10-10.13.4.1614-1.7.10\snapshot\20140925\forgeSrc-1.7.10-10.13.4.1614-1.7.10.jar;C:\Users\MrST\.gradle\caches\modules-2\files-2.1\net.minecraft\launchwrapper\1.12\111e7bea9c968cdb3d06ef4632bf7ff0824d0f36\launchwrapper-1.12.jar;C:\Users\MrST\.gradle\caches\modules-2\files-2.1\com.google.code.findbugs\jsr305\1.3.9\40719ea6961c0cb6afaeb6a921eaa1f6afd4cfdf\jsr305-1.3.9.jar;C:\Users\MrST\.gradle\caches\modules-2\files-2.1\org.ow2.asm\asm-debug-all\5.0.3\f9e364ae2a66ce2a5430
Launcher Type: SUN_STANDARD

Environment Variables:
JAVA_HOME=C:\Program Files\Java\jdk1.8.0_181
PATH=C:\Program Files\NVIDIA GPU Computing Toolkit\CUDA\v10.0\bin;C:\Program Files\NVIDIA GPU Computing Toolkit\CUDA\v10.0\libnvvp;C:\Program Files (x86)\Common Files\Intel\Shared Libraries\redist\intel64\compiler;C:\Program Files (x86)\Common Files\Oracle\Java\javapath;C:\WINDOWS\system32;C:\WINDOWS;C:\WINDOWS\System32\Wbem;C:\WINDOWS\System32\WindowsPowerShell\v1.0\;C:\WINDOWS\System32\OpenSSH\;C:\Program Files\Java\jdk-10.0.2\bin;C:\Program Files\Java\jre-10.0.2\bin;C:\Program Files (x86)\NVIDIA Corporation\PhysX\Common;C:\TOOL;C:\Program Files\mingw-w64\x86_64-8.1.0-win32-seh-rt_v6-rev0\mingw64\bin;C:\WINDOWS\system32;C:\WINDOWS;C:\WINDOWS\System32\Wbem;C:\WINDOWS\System32\WindowsPowerShell\v1.0\;C:\WINDOWS\System32\OpenSSH\;C:\Program Files\Git\cmd;C:\Users\MrST\AppData\Local\Microsoft\WindowsApps;C:\Users\MrST\AppData\Local\Programs\Microsoft VS Code\bin;C:\Users\MrST\AppData\Local\GitHubDesktop\bin;C:\Program Files\Bandizip\;%USERPROFILE%\AppData\Local\Microsoft\WindowsApps;
USERNAME=MrST
OS=Windows_NT
PROCESSOR_IDENTIFIER=Intel64 Family 6 Model 94 Stepping 3, GenuineIntel



---------------  S Y S T E M  ---------------

OS: Windows 10.0 , 64 bit Build 17763 (10.0.17763.1)

CPU:total 8 (initial active 8) (4 cores per cpu, 2 threads per core) family 6 model 94 stepping 3, cmov, cx8, fxsr, mmx, sse, sse2, sse3, ssse3, sse4.1, sse4.2, popcnt, avx, avx2, aes, clmul, erms, rtm, 3dnowpref, lzcnt, ht, tsc, tscinvbit, bmi1, bmi2, adx

Memory: 4k page, physical 8281908k(306940k free), swap 33447732k(18607880k free)

vm_info: Java HotSpot(TM) 64-Bit Server VM (25.181-b13) for windows-amd64 JRE (1.8.0_181-b13), built on Jul  7 2018 04:01:33 by "java_re" with MS VC++ 10.0 (VS2010)

time: Sat Oct 06 15:15:55 2018
elapsed time: 5176 seconds (0d 1h 26m 16s)

